Determining if the pthread_create exist failed with the following output:
Change Dir: /home/adv/catkin_ws/build/CMakeFiles/CMakeTmp

Run Build Command:"/usr/bin/make" "cmTC_a4d15/fast"
/usr/bin/make -f CMakeFiles/cmTC_a4d15.dir/build.make CMakeFiles/cmTC_a4d15.dir/build
make[1]: Entering directory '/home/adv/catkin_ws/build/CMakeFiles/CMakeTmp'
Building C object CMakeFiles/cmTC_a4d15.dir/CheckSymbolExists.c.o
/usr/bin/cc    -o CMakeFiles/cmTC_a4d15.dir/CheckSymbolExists.c.o   -c /home/adv/catkin_ws/build/CMakeFiles/CMakeTmp/CheckSymbolExists.c
Linking C executable cmTC_a4d15
/usr/bin/cmake -E cmake_link_script CMakeFiles/cmTC_a4d15.dir/link.txt --verbose=1
/usr/bin/cc      -rdynamic CMakeFiles/cmTC_a4d15.dir/CheckSymbolExists.c.o  -o cmTC_a4d15 
CMakeFiles/cmTC_a4d15.dir/CheckSymbolExists.c.o: In function `main':
CheckSymbolExists.c:(.text+0x14): undefined reference to `pthread_create'
CheckSymbolExists.c:(.text+0x18): undefined reference to `pthread_create'
collect2: error: ld returned 1 exit status
CMakeFiles/cmTC_a4d15.dir/build.make:97: recipe for target 'cmTC_a4d15' failed
make[1]: *** [cmTC_a4d15] Error 1
make[1]: Leaving directory '/home/adv/catkin_ws/build/CMakeFiles/CMakeTmp'
Makefile:126: recipe for target 'cmTC_a4d15/fast' failed
make: *** [cmTC_a4d15/fast] Error 2

File /home/adv/catkin_ws/build/CMakeFiles/CMakeTmp/CheckSymbolExists.c:
/* */
#include <pthread.h>

int main(int argc, char** argv)
{
  (void)argv;
#ifndef pthread_create
  return ((int*)(&pthread_create))[argc];
#else
  (void)argc;
  return 0;
#endif
}

Determining if the function pthread_create exists in the pthreads failed with the following output:
Change Dir: /home/adv/catkin_ws/build/CMakeFiles/CMakeTmp

Run Build Command:"/usr/bin/make" "cmTC_468d3/fast"
/usr/bin/make -f CMakeFiles/cmTC_468d3.dir/build.make CMakeFiles/cmTC_468d3.dir/build
make[1]: Entering directory '/home/adv/catkin_ws/build/CMakeFiles/CMakeTmp'
Building C object CMakeFiles/cmTC_468d3.dir/CheckFunctionExists.c.o
/usr/bin/cc   -DCHECK_FUNCTION_EXISTS=pthread_create   -o CMakeFiles/cmTC_468d3.dir/CheckFunctionExists.c.o   -c /usr/share/cmake-3.10/Modules/CheckFunctionExists.c
Linking C executable cmTC_468d3
/usr/bin/cmake -E cmake_link_script CMakeFiles/cmTC_468d3.dir/link.txt --verbose=1
/usr/bin/cc  -DCHECK_FUNCTION_EXISTS=pthread_create    -rdynamic CMakeFiles/cmTC_468d3.dir/CheckFunctionExists.c.o  -o cmTC_468d3 -lpthreads 
/usr/bin/ld: cannot find -lpthreads
collect2: error: ld returned 1 exit status
CMakeFiles/cmTC_468d3.dir/build.make:97: recipe for target 'cmTC_468d3' failed
make[1]: *** [cmTC_468d3] Error 1
make[1]: Leaving directory '/home/adv/catkin_ws/build/CMakeFiles/CMakeTmp'
Makefile:126: recipe for target 'cmTC_468d3/fast' failed
make: *** [cmTC_468d3/fast] Error 2


Determining if the include file pgm.h exists failed with the following output:
Change Dir: /home/adv/catkin_ws/build/CMakeFiles/CMakeTmp

Run Build Command:"/usr/bin/make" "cmTC_ea92b/fast"
make[1]: Entering directory '/home/adv/catkin_ws/build/CMakeFiles/CMakeTmp'
/usr/bin/make -f CMakeFiles/cmTC_ea92b.dir/build.make CMakeFiles/cmTC_ea92b.dir/build
make[2]: Entering directory '/home/adv/catkin_ws/build/CMakeFiles/CMakeTmp'
Building CXX object CMakeFiles/cmTC_ea92b.dir/CheckIncludeFile.cxx.o
/usr/bin/c++     -o CMakeFiles/cmTC_ea92b.dir/CheckIncludeFile.cxx.o -c /home/adv/catkin_ws/build/CMakeFiles/CMakeTmp/CheckIncludeFile.cxx
/home/adv/catkin_ws/build/CMakeFiles/CMakeTmp/CheckIncludeFile.cxx:1:10: fatal error: pgm.h: No such file or directory
 #include <pgm.h>
          ^~~~~~~
compilation terminated.
CMakeFiles/cmTC_ea92b.dir/build.make:65: recipe for target 'CMakeFiles/cmTC_ea92b.dir/CheckIncludeFile.cxx.o' failed
make[2]: *** [CMakeFiles/cmTC_ea92b.dir/CheckIncludeFile.cxx.o] Error 1
make[2]: Leaving directory '/home/adv/catkin_ws/build/CMakeFiles/CMakeTmp'
Makefile:126: recipe for target 'cmTC_ea92b/fast' failed
make[1]: *** [cmTC_ea92b/fast] Error 2
make[1]: Leaving directory '/home/adv/catkin_ws/build/CMakeFiles/CMakeTmp'


